C:\USERS\YLL\DESKTOP\VS2010\SORT\DEBUG\SORT.EXE
C:\USERS\YLL\DESKTOP\VS2010\SORT\DEBUG\SORT.ILK
C:\USERS\YLL\DESKTOP\VS2010\SORT\DEBUG\SORT.PDB
C:\Users\YLL\Desktop\vs2010\sort\sort\Debug\cl.command.1.tlog
C:\Users\YLL\Desktop\vs2010\sort\sort\Debug\CL.read.1.tlog
C:\Users\YLL\Desktop\vs2010\sort\sort\Debug\CL.write.1.tlog
C:\Users\YLL\Desktop\vs2010\sort\sort\Debug\link.10940.read.1.tlog
C:\Users\YLL\Desktop\vs2010\sort\sort\Debug\link.10940.write.1.tlog
C:\Users\YLL\Desktop\vs2010\sort\sort\Debug\link.10940-cvtres.read.1.tlog
C:\Users\YLL\Desktop\vs2010\sort\sort\Debug\link.10940-cvtres.write.1.tlog
C:\Users\YLL\Desktop\vs2010\sort\sort\Debug\link.command.1.tlog
C:\Users\YLL\Desktop\vs2010\sort\sort\Debug\link.read.1.tlog
C:\Users\YLL\Desktop\vs2010\sort\sort\Debug\link.write.1.tlog
C:\Users\YLL\Desktop\vs2010\sort\sort\Debug\link-cvtres.read.1.tlog
C:\Users\YLL\Desktop\vs2010\sort\sort\Debug\link-cvtres.write.1.tlog
C:\USERS\YLL\DESKTOP\VS2010\SORT\SORT\DEBUG\MAIN.OBJ
C:\Users\YLL\Desktop\vs2010\sort\sort\Debug\mt.command.1.tlog
C:\Users\YLL\Desktop\vs2010\sort\sort\Debug\mt.read.1.tlog
C:\Users\YLL\Desktop\vs2010\sort\sort\Debug\mt.write.1.tlog
C:\Users\YLL\Desktop\vs2010\sort\sort\Debug\rc.command.1.tlog
C:\Users\YLL\Desktop\vs2010\sort\sort\Debug\rc.read.1.tlog
C:\Users\YLL\Desktop\vs2010\sort\sort\Debug\rc.write.1.tlog
C:\USERS\YLL\DESKTOP\VS2010\SORT\SORT\DEBUG\SORT.EXE.EMBED.MANIFEST
C:\USERS\YLL\DESKTOP\VS2010\SORT\SORT\DEBUG\SORT.EXE.EMBED.MANIFEST.RES
C:\USERS\YLL\DESKTOP\VS2010\SORT\SORT\DEBUG\SORT.EXE.INTERMEDIATE.MANIFEST
C:\Users\YLL\Desktop\vs2010\sort\sort\Debug\sort.vcxprojResolveAssemblyReference.cache
C:\Users\YLL\Desktop\vs2010\sort\sort\Debug\sort.write.1.tlog
C:\Users\YLL\Desktop\vs2010\sort\sort\Debug\sort_manifest.rc
C:\Users\YLL\Desktop\vs2010\sort\sort\Debug\vc100.idb
C:\USERS\YLL\DESKTOP\VS2010\SORT\SORT\DEBUG\VC100.PDB
